# JRE version: OpenJDK Runtime Environment Microsoft-40648 (11.0.16.1+1) (build 11.0.16.1+1-LTS)
# Java VM: OpenJDK 64-Bit Server VM Microsoft-40648 (11.0.16.1+1-LTS, mixed mode, tiered, compressed oops, g1 gc, windows-amd64)
Heap:
 garbage-first heap   total 322560K, used 47656K [0x0000000701c00000, 0x0000000800000000)
  region size 1024K, 5 young (5120K), 5 survivors (5120K)
 Metaspace       used 43286K, capacity 44012K, committed 44288K, reserved 1089536K
  class space    used 4981K, capacity 5252K, committed 5376K, reserved 1048576K
GC Heap History (13 events):
Event: 0.855 GC heap before
{Heap before GC invocations=0 (full 0):
 garbage-first heap   total 262144K, used 17408K [0x0000000701c00000, 0x0000000800000000)
  region size 1024K, 14 young (14336K), 0 survivors (0K)
 Metaspace       used 10355K, capacity 10483K, committed 10624K, reserved 1058816K
  class space    used 847K, capacity 895K, committed 896K, reserved 1048576K
}
Event: 0.858 GC heap after
{Heap after GC invocations=1 (full 0):
 garbage-first heap   total 262144K, used 5664K [0x0000000701c00000, 0x0000000800000000)
  region size 1024K, 2 young (2048K), 2 survivors (2048K)
 Metaspace       used 10355K, capacity 10483K, committed 10624K, reserved 1058816K
  class space    used 847K, capacity 895K, committed 896K, reserved 1048576K
}
Event: 2.202 GC heap before
{Heap before GC invocations=1 (full 0):
 garbage-first heap   total 262144K, used 44576K [0x0000000701c00000, 0x0000000800000000)
  region size 1024K, 41 young (41984K), 2 survivors (2048K)
 Metaspace       used 20885K, capacity 21168K, committed 21248K, reserved 1069056K
  class space    used 2149K, capacity 2280K, committed 2304K, reserved 1048576K
}
Event: 2.209 GC heap after
{Heap after GC invocations=2 (full 0):
 garbage-first heap   total 262144K, used 7572K [0x0000000701c00000, 0x0000000800000000)
  region size 1024K, 4 young (4096K), 4 survivors (4096K)
 Metaspace       used 20885K, capacity 21168K, committed 21248K, reserved 1069056K
  class space    used 2149K, capacity 2280K, committed 2304K, reserved 1048576K
}
Event: 3.181 GC heap before
{Heap before GC invocations=3 (full 0):
 garbage-first heap   total 262144K, used 52628K [0x0000000701c00000, 0x0000000800000000)
  region size 1024K, 41 young (41984K), 4 survivors (4096K)
 Metaspace       used 27306K, capacity 27786K, committed 28032K, reserved 1073152K
  class space    used 3216K, capacity 3383K, committed 3456K, reserved 1048576K
}
Event: 3.196 GC heap after
{Heap after GC invocations=4 (full 0):
 garbage-first heap   total 262144K, used 20407K [0x0000000701c00000, 0x0000000800000000)
  region size 1024K, 6 young (6144K), 6 survivors (6144K)
 Metaspace       used 27306K, capacity 27786K, committed 28032K, reserved 1073152K
  class space    used 3216K, capacity 3383K, committed 3456K, reserved 1048576K
}
Event: 3.249 GC heap before
{Heap before GC invocations=4 (full 0):
 garbage-first heap   total 262144K, used 26551K [0x0000000701c00000, 0x0000000800000000)
  region size 1024K, 12 young (12288K), 6 survivors (6144K)
 Metaspace       used 27399K, capacity 27886K, committed 28032K, reserved 1073152K
  class space    used 3220K, capacity 3416K, committed 3456K, reserved 1048576K
}
Event: 3.263 GC heap after
{Heap after GC invocations=5 (full 0):
 garbage-first heap   total 262144K, used 22577K [0x0000000701c00000, 0x0000000800000000)
  region size 1024K, 2 young (2048K), 2 survivors (2048K)
 Metaspace       used 27399K, capacity 27886K, committed 28032K, reserved 1073152K
  class space    used 3220K, capacity 3416K, committed 3456K, reserved 1048576K
}
Event: 4.069 GC heap before
{Heap before GC invocations=5 (full 0):
 garbage-first heap   total 262144K, used 68657K [0x0000000701c00000, 0x0000000800000000)
  region size 1024K, 42 young (43008K), 2 survivors (2048K)
 Metaspace       used 29132K, capacity 29596K, committed 29952K, reserved 1075200K
  class space    used 3573K, capacity 3751K, committed 3840K, reserved 1048576K
}
Event: 4.088 GC heap after
{Heap after GC invocations=6 (full 0):
 garbage-first heap   total 262144K, used 27648K [0x0000000701c00000, 0x0000000800000000)
  region size 1024K, 6 young (6144K), 6 survivors (6144K)
 Metaspace       used 29132K, capacity 29596K, committed 29952K, reserved 1075200K
  class space    used 3573K, capacity 3751K, committed 3840K, reserved 1048576K
}
Event: 5.039 GC heap before
{Heap before GC invocations=6 (full 0):
 garbage-first heap   total 262144K, used 67584K [0x0000000701c00000, 0x0000000800000000)
  region size 1024K, 35 young (35840K), 6 survivors (6144K)
 Metaspace       used 35166K, capacity 35808K, committed 35840K, reserved 1081344K
  class space    used 4231K, capacity 4460K, committed 4480K, reserved 1048576K
}
Event: 5.070 GC heap after
{Heap after GC invocations=7 (full 0):
 garbage-first heap   total 262144K, used 43889K [0x0000000701c00000, 0x0000000800000000)
  region size 1024K, 5 young (5120K), 5 survivors (5120K)
 Metaspace       used 35166K, capacity 35808K, committed 35840K, reserved 1081344K
  class space    used 4231K, capacity 4460K, committed 4480K, reserved 1048576K
}
Event: 6.683 GC heap before
{Heap before GC invocations=8 (full 0):
 garbage-first heap   total 262144K, used 84849K [0x0000000701c00000, 0x0000000800000000)
  region size 1024K, 46 young (47104K), 5 survivors (5120K)
 Metaspace       used 43286K, capacity 44012K, committed 44288K, reserved 1089536K
  class space    used 4981K, capacity 5252K, committed 5376K, reserved 1048576K
}

